<?xml version="1.0" encoding="UTF-8"?>
<testsuite xmlns:xsi="http://www.w3.org/2001/XMLSchema-instance" xsi:noNamespaceSchemaLocation="https://maven.apache.org/surefire/maven-surefire-plugin/xsd/surefire-test-report.xsd" name="TestSuite" time="178.512" tests="37" errors="0" skipped="9" failures="3">
  <properties>
    <property name="java.specification.version" value="17"/>
    <property name="sun.jnu.encoding" value="UTF-8"/>
    <property name="java.class.path" value="/Users/prakash/Downloads/apache-maven-3.9.3/boot/plexus-classworlds-2.7.0.jar"/>
    <property name="java.vm.vendor" value="Oracle Corporation"/>
    <property name="sun.arch.data.model" value="64"/>
    <property name="java.vendor.url" value="https://java.oracle.com/"/>
    <property name="user.timezone" value="Asia/Kolkata"/>
    <property name="maven.conf" value="/Users/prakash/Downloads/apache-maven-3.9.3/conf"/>
    <property name="java.vm.specification.version" value="17"/>
    <property name="os.name" value="Mac OS X"/>
    <property name="sun.java.launcher" value="SUN_STANDARD"/>
    <property name="user.country" value="IN"/>
    <property name="sun.boot.library.path" value="/Library/Java/JavaVirtualMachines/jdk-17.jdk/Contents/Home/lib"/>
    <property name="sun.java.command" value="org.codehaus.plexus.classworlds.launcher.Launcher clean install -Denv=prod"/>
    <property name="http.nonProxyHosts" value="local|*.local|169.254/16|*.169.254/16"/>
    <property name="jdk.debug" value="release"/>
    <property name="maven.home" value="/Users/prakash/Downloads/apache-maven-3.9.3"/>
    <property name="sun.cpu.endian" value="little"/>
    <property name="user.home" value="/Users/prakash"/>
    <property name="user.language" value="en"/>
    <property name="sun.stderr.encoding" value="UTF-8"/>
    <property name="java.specification.vendor" value="Oracle Corporation"/>
    <property name="java.version.date" value="2023-01-17"/>
    <property name="java.home" value="/Library/Java/JavaVirtualMachines/jdk-17.jdk/Contents/Home"/>
    <property name="file.separator" value="/"/>
    <property name="java.vm.compressedOopsMode" value="Zero based"/>
    <property name="line.separator" value="&#10;"/>
    <property name="sun.stdout.encoding" value="UTF-8"/>
    <property name="java.vm.specification.vendor" value="Oracle Corporation"/>
    <property name="java.specification.name" value="Java Platform API Specification"/>
    <property name="sun.management.compiler" value="HotSpot 64-Bit Tiered Compilers"/>
    <property name="ftp.nonProxyHosts" value="local|*.local|169.254/16|*.169.254/16"/>
    <property name="java.runtime.version" value="17.0.6+9-LTS-190"/>
    <property name="user.name" value="prakash"/>
    <property name="path.separator" value=":"/>
    <property name="os.version" value="14.1"/>
    <property name="java.runtime.name" value="Java(TM) SE Runtime Environment"/>
    <property name="file.encoding" value="UTF-8"/>
    <property name="guice.disable.misplaced.annotation.check" value="true"/>
    <property name="java.vm.name" value="Java HotSpot(TM) 64-Bit Server VM"/>
    <property name="java.vendor.url.bug" value="https://bugreport.java.com/bugreport/"/>
    <property name="java.io.tmpdir" value="/var/folders/l2/yc1w_ppd06l4mpkzzpzw5czm0000gn/T/"/>
    <property name="java.version" value="17.0.6"/>
    <property name="user.dir" value="/Users/prakash/eclipse-workspace/Aug2023POMSeries"/>
    <property name="os.arch" value="aarch64"/>
    <property name="maven.multiModuleProjectDirectory" value="/Users/prakash/eclipse-workspace/Aug2023POMSeries"/>
    <property name="java.vm.specification.name" value="Java Virtual Machine Specification"/>
    <property name="env" value="prod"/>
    <property name="native.encoding" value="UTF-8"/>
    <property name="java.library.path" value="/Users/prakash/Library/Java/Extensions:/Library/Java/Extensions:/Network/Library/Java/Extensions:/System/Library/Java/Extensions:/usr/lib/java:."/>
    <property name="java.vm.info" value="mixed mode, sharing"/>
    <property name="java.vendor" value="Oracle Corporation"/>
    <property name="java.vm.version" value="17.0.6+9-LTS-190"/>
    <property name="classworlds.conf" value="/Users/prakash/Downloads/apache-maven-3.9.3/bin/m2.conf"/>
    <property name="sun.io.unicode.encoding" value="UnicodeBig"/>
    <property name="library.jansi.path" value="/Users/prakash/Downloads/apache-maven-3.9.3/lib/jansi-native"/>
    <property name="socksNonProxyHosts" value="local|*.local|169.254/16|*.169.254/16"/>
    <property name="java.class.version" value="61.0"/>
  </properties>
  <testcase name="loginPageTitleTest" classname="com.qa.opencart.tests.LoginPageTest" time="0.019"/>
  <testcase name="loginPageURLTest" classname="com.qa.opencart.tests.LoginPageTest" time="0.008"/>
  <testcase name="forgotPwdLinkExistTest" classname="com.qa.opencart.tests.LoginPageTest" time="0.036"/>
  <testcase name="appLogoExistTest" classname="com.qa.opencart.tests.LoginPageTest" time="0.038"/>
  <testcase name="informationExistTest" classname="com.qa.opencart.tests.LoginPageTest" time="0.018"/>
  <testcase name="customerService" classname="com.qa.opencart.tests.LoginPageTest" time="0.017"/>
  <testcase name="loginTest" classname="com.qa.opencart.tests.LoginPageTest" time="2.059"/>
  <testcase name="accPageHeadersCountTest" classname="com.qa.opencart.tests.AccountsPageTest" time="0.077"/>
  <testcase name="accPageHeadersTest" classname="com.qa.opencart.tests.AccountsPageTest" time="0.042"/>
  <testcase name="accPageHeadersTestSort" classname="com.qa.opencart.tests.AccountsPageTest" time="0.039"/>
  <testcase name="accPageTitleTest" classname="com.qa.opencart.tests.AccountsPageTest" time="0.005"/>
  <testcase name="accPageURLTest" classname="com.qa.opencart.tests.AccountsPageTest" time="0.004"/>
  <testcase name="footercustomerServiceLinkTest" classname="com.qa.opencart.tests.AccountsPageTest" time="0.033"/>
  <testcase name="footerinformationLinkTest" classname="com.qa.opencart.tests.AccountsPageTest" time="0.042"/>
  <testcase name="isLogoutLinkExist" classname="com.qa.opencart.tests.AccountsPageTest" time="0.02"/>
  <testcase name="isSearchFieldExist" classname="com.qa.opencart.tests.AccountsPageTest" time="0.015"/>
  <testcase name="searchTest" classname="com.qa.opencart.tests.AccountsPageTest" time="2.876"/>
  <testcase name="productImagesTest" classname="com.qa.opencart.tests.ProuctResultsPageTest" time="0.787"/>
  <testcase name="productImagesTest" classname="com.qa.opencart.tests.ProuctResultsPageTest" time="0.601"/>
  <testcase name="productImagesTest" classname="com.qa.opencart.tests.ProuctResultsPageTest" time="0.632"/>
  <testcase name="productImagesTest" classname="com.qa.opencart.tests.ProuctResultsPageTest" time="0.597"/>
  <testcase name="productInfoTest" classname="com.qa.opencart.tests.ProuctResultsPageTest" time="0.585"/>
  <testcase name="userRegTest" classname="com.qa.opencart.tests.RegisterPageTest" time="2.246"/>
  <testcase name="userRegTest" classname="com.qa.opencart.tests.RegisterPageTest" time="2.285"/>
  <testcase name="userRegTest" classname="com.qa.opencart.tests.RegisterPageTest" time="2.18"/>
  <testcase name="loginTest" classname="com.qa.opencart.tests.LoginPageNegativeTest" time="0">
    <skipped message="Expected condition failed: waiting for visibility of element located by By.cssSelector: div.alert.alert-danger.alert-dismissible (tried for 10 second(s) with 500 milliseconds interval)&#10;Build info: version: &apos;4.15.0&apos;, revision: &apos;1d14b5521b&apos;&#10;System info: os.name: &apos;Mac OS X&apos;, os.arch: &apos;aarch64&apos;, os.version: &apos;14.1&apos;, java.version: &apos;17.0.6&apos;&#10;Driver info: org.openqa.selenium.chrome.ChromeDriver&#10;Capabilities {acceptInsecureCerts: false, browserName: chrome, browserVersion: 120.0.6099.234, chrome: {chromedriverVersion: 120.0.6099.109 (3419140ab66..., userDataDir: /var/folders/l2/yc1w_ppd06l...}, fedcm:accounts: true, goog:chromeOptions: {debuggerAddress: localhost:58716}, networkConnectionEnabled: false, pageLoadStrategy: normal, platformName: mac, proxy: Proxy(), se:cdp: ws://localhost:58716/devtoo..., se:cdpVersion: 120.0.6099.234, setWindowRect: true, strictFileInteractability: false, timeouts: {implicit: 0, pageLoad: 300000, script: 30000}, unhandledPromptBehavior: dismiss and notify, webauthn:extension:credBlob: true, webauthn:extension:largeBlob: true, webauthn:extension:minPinLength: true, webauthn:extension:prf: true, webauthn:virtualAuthenticators: true}&#10;Session ID: 446bfc8000bb2e3e5778a00f4bad1a06"/>
    <system-out><![CDATA[Test Suite is ending!
Test Suite started!
env name is: prod
The browsername is chrome
loginTest started!
loginTest skipped!
]]></system-out>
    <system-err><![CDATA[Jan 23, 2024 7:11:51 PM org.openqa.selenium.devtools.CdpVersionFinder findNearestMatch
WARNING: Unable to find an exact match for CDP version 120, returning the closest version; found: 119; Please update to a Selenium version that supports CDP version 120
]]></system-err>
  </testcase>
  <testcase name="loginTest" classname="com.qa.opencart.tests.LoginPageNegativeTest" time="0">
    <skipped message="Expected condition failed: waiting for visibility of element located by By.cssSelector: div.alert.alert-danger.alert-dismissible (tried for 10 second(s) with 500 milliseconds interval)&#10;Build info: version: &apos;4.15.0&apos;, revision: &apos;1d14b5521b&apos;&#10;System info: os.name: &apos;Mac OS X&apos;, os.arch: &apos;aarch64&apos;, os.version: &apos;14.1&apos;, java.version: &apos;17.0.6&apos;&#10;Driver info: org.openqa.selenium.chrome.ChromeDriver&#10;Capabilities {acceptInsecureCerts: false, browserName: chrome, browserVersion: 120.0.6099.234, chrome: {chromedriverVersion: 120.0.6099.109 (3419140ab66..., userDataDir: /var/folders/l2/yc1w_ppd06l...}, fedcm:accounts: true, goog:chromeOptions: {debuggerAddress: localhost:58716}, networkConnectionEnabled: false, pageLoadStrategy: normal, platformName: mac, proxy: Proxy(), se:cdp: ws://localhost:58716/devtoo..., se:cdpVersion: 120.0.6099.234, setWindowRect: true, strictFileInteractability: false, timeouts: {implicit: 0, pageLoad: 300000, script: 30000}, unhandledPromptBehavior: dismiss and notify, webauthn:extension:credBlob: true, webauthn:extension:largeBlob: true, webauthn:extension:minPinLength: true, webauthn:extension:prf: true, webauthn:virtualAuthenticators: true}&#10;Session ID: 446bfc8000bb2e3e5778a00f4bad1a06"/>
    <system-out><![CDATA[loginTest started!
loginTest skipped!
]]></system-out>
  </testcase>
  <testcase name="loginTest" classname="com.qa.opencart.tests.LoginPageNegativeTest" time="0">
    <skipped message="Expected condition failed: waiting for visibility of element located by By.cssSelector: div.alert.alert-danger.alert-dismissible (tried for 10 second(s) with 500 milliseconds interval)&#10;Build info: version: &apos;4.15.0&apos;, revision: &apos;1d14b5521b&apos;&#10;System info: os.name: &apos;Mac OS X&apos;, os.arch: &apos;aarch64&apos;, os.version: &apos;14.1&apos;, java.version: &apos;17.0.6&apos;&#10;Driver info: org.openqa.selenium.chrome.ChromeDriver&#10;Capabilities {acceptInsecureCerts: false, browserName: chrome, browserVersion: 120.0.6099.234, chrome: {chromedriverVersion: 120.0.6099.109 (3419140ab66..., userDataDir: /var/folders/l2/yc1w_ppd06l...}, fedcm:accounts: true, goog:chromeOptions: {debuggerAddress: localhost:58716}, networkConnectionEnabled: false, pageLoadStrategy: normal, platformName: mac, proxy: Proxy(), se:cdp: ws://localhost:58716/devtoo..., se:cdpVersion: 120.0.6099.234, setWindowRect: true, strictFileInteractability: false, timeouts: {implicit: 0, pageLoad: 300000, script: 30000}, unhandledPromptBehavior: dismiss and notify, webauthn:extension:credBlob: true, webauthn:extension:largeBlob: true, webauthn:extension:minPinLength: true, webauthn:extension:prf: true, webauthn:virtualAuthenticators: true}&#10;Session ID: 446bfc8000bb2e3e5778a00f4bad1a06"/>
    <system-out><![CDATA[loginTest started!
loginTest skipped!
]]></system-out>
  </testcase>
  <testcase name="loginTest" classname="com.qa.opencart.tests.LoginPageNegativeTest" time="10.706">
    <failure message="Expected condition failed: waiting for visibility of element located by By.cssSelector: div.alert.alert-danger.alert-dismissible (tried for 10 second(s) with 500 milliseconds interval)&#10;Build info: version: &apos;4.15.0&apos;, revision: &apos;1d14b5521b&apos;&#10;System info: os.name: &apos;Mac OS X&apos;, os.arch: &apos;aarch64&apos;, os.version: &apos;14.1&apos;, java.version: &apos;17.0.6&apos;&#10;Driver info: org.openqa.selenium.chrome.ChromeDriver&#10;Capabilities {acceptInsecureCerts: false, browserName: chrome, browserVersion: 120.0.6099.234, chrome: {chromedriverVersion: 120.0.6099.109 (3419140ab66..., userDataDir: /var/folders/l2/yc1w_ppd06l...}, fedcm:accounts: true, goog:chromeOptions: {debuggerAddress: localhost:58716}, networkConnectionEnabled: false, pageLoadStrategy: normal, platformName: mac, proxy: Proxy(), se:cdp: ws://localhost:58716/devtoo..., se:cdpVersion: 120.0.6099.234, setWindowRect: true, strictFileInteractability: false, timeouts: {implicit: 0, pageLoad: 300000, script: 30000}, unhandledPromptBehavior: dismiss and notify, webauthn:extension:credBlob: true, webauthn:extension:largeBlob: true, webauthn:extension:minPinLength: true, webauthn:extension:prf: true, webauthn:virtualAuthenticators: true}&#10;Session ID: 446bfc8000bb2e3e5778a00f4bad1a06" type="org.openqa.selenium.TimeoutException">org.openqa.selenium.TimeoutException: 
Expected condition failed: waiting for visibility of element located by By.cssSelector: div.alert.alert-danger.alert-dismissible (tried for 10 second(s) with 500 milliseconds interval)
Build info: version: '4.15.0', revision: '1d14b5521b'
System info: os.name: 'Mac OS X', os.arch: 'aarch64', os.version: '14.1', java.version: '17.0.6'
Driver info: org.openqa.selenium.chrome.ChromeDriver
Capabilities {acceptInsecureCerts: false, browserName: chrome, browserVersion: 120.0.6099.234, chrome: {chromedriverVersion: 120.0.6099.109 (3419140ab66..., userDataDir: /var/folders/l2/yc1w_ppd06l...}, fedcm:accounts: true, goog:chromeOptions: {debuggerAddress: localhost:58716}, networkConnectionEnabled: false, pageLoadStrategy: normal, platformName: mac, proxy: Proxy(), se:cdp: ws://localhost:58716/devtoo..., se:cdpVersion: 120.0.6099.234, setWindowRect: true, strictFileInteractability: false, timeouts: {implicit: 0, pageLoad: 300000, script: 30000}, unhandledPromptBehavior: dismiss and notify, webauthn:extension:credBlob: true, webauthn:extension:largeBlob: true, webauthn:extension:minPinLength: true, webauthn:extension:prf: true, webauthn:virtualAuthenticators: true}
Session ID: 446bfc8000bb2e3e5778a00f4bad1a06
	at com.qa.opencart.tests.LoginPageNegativeTest.loginTest(LoginPageNegativeTest.java:22)
</failure>
    <system-out><![CDATA[loginTest started!
loginTest failed!
]]></system-out>
  </testcase>
  <testcase name="loginTest" classname="com.qa.opencart.tests.LoginPageNegativeTest" time="0">
    <skipped message="Expected condition failed: waiting for visibility of element located by By.cssSelector: div.alert.alert-danger.alert-dismissible (tried for 10 second(s) with 500 milliseconds interval)&#10;Build info: version: &apos;4.15.0&apos;, revision: &apos;1d14b5521b&apos;&#10;System info: os.name: &apos;Mac OS X&apos;, os.arch: &apos;aarch64&apos;, os.version: &apos;14.1&apos;, java.version: &apos;17.0.6&apos;&#10;Driver info: org.openqa.selenium.chrome.ChromeDriver&#10;Capabilities {acceptInsecureCerts: false, browserName: chrome, browserVersion: 120.0.6099.234, chrome: {chromedriverVersion: 120.0.6099.109 (3419140ab66..., userDataDir: /var/folders/l2/yc1w_ppd06l...}, fedcm:accounts: true, goog:chromeOptions: {debuggerAddress: localhost:58716}, networkConnectionEnabled: false, pageLoadStrategy: normal, platformName: mac, proxy: Proxy(), se:cdp: ws://localhost:58716/devtoo..., se:cdpVersion: 120.0.6099.234, setWindowRect: true, strictFileInteractability: false, timeouts: {implicit: 0, pageLoad: 300000, script: 30000}, unhandledPromptBehavior: dismiss and notify, webauthn:extension:credBlob: true, webauthn:extension:largeBlob: true, webauthn:extension:minPinLength: true, webauthn:extension:prf: true, webauthn:virtualAuthenticators: true}&#10;Session ID: 446bfc8000bb2e3e5778a00f4bad1a06"/>
    <system-out><![CDATA[loginTest started!
loginTest skipped!
]]></system-out>
  </testcase>
  <testcase name="loginTest" classname="com.qa.opencart.tests.LoginPageNegativeTest" time="0">
    <skipped message="Expected condition failed: waiting for visibility of element located by By.cssSelector: div.alert.alert-danger.alert-dismissible (tried for 10 second(s) with 500 milliseconds interval)&#10;Build info: version: &apos;4.15.0&apos;, revision: &apos;1d14b5521b&apos;&#10;System info: os.name: &apos;Mac OS X&apos;, os.arch: &apos;aarch64&apos;, os.version: &apos;14.1&apos;, java.version: &apos;17.0.6&apos;&#10;Driver info: org.openqa.selenium.chrome.ChromeDriver&#10;Capabilities {acceptInsecureCerts: false, browserName: chrome, browserVersion: 120.0.6099.234, chrome: {chromedriverVersion: 120.0.6099.109 (3419140ab66..., userDataDir: /var/folders/l2/yc1w_ppd06l...}, fedcm:accounts: true, goog:chromeOptions: {debuggerAddress: localhost:58716}, networkConnectionEnabled: false, pageLoadStrategy: normal, platformName: mac, proxy: Proxy(), se:cdp: ws://localhost:58716/devtoo..., se:cdpVersion: 120.0.6099.234, setWindowRect: true, strictFileInteractability: false, timeouts: {implicit: 0, pageLoad: 300000, script: 30000}, unhandledPromptBehavior: dismiss and notify, webauthn:extension:credBlob: true, webauthn:extension:largeBlob: true, webauthn:extension:minPinLength: true, webauthn:extension:prf: true, webauthn:virtualAuthenticators: true}&#10;Session ID: 446bfc8000bb2e3e5778a00f4bad1a06"/>
    <system-out><![CDATA[loginTest started!
loginTest skipped!
]]></system-out>
  </testcase>
  <testcase name="loginTest" classname="com.qa.opencart.tests.LoginPageNegativeTest" time="0">
    <skipped message="Expected condition failed: waiting for visibility of element located by By.cssSelector: div.alert.alert-danger.alert-dismissible (tried for 10 second(s) with 500 milliseconds interval)&#10;Build info: version: &apos;4.15.0&apos;, revision: &apos;1d14b5521b&apos;&#10;System info: os.name: &apos;Mac OS X&apos;, os.arch: &apos;aarch64&apos;, os.version: &apos;14.1&apos;, java.version: &apos;17.0.6&apos;&#10;Driver info: org.openqa.selenium.chrome.ChromeDriver&#10;Capabilities {acceptInsecureCerts: false, browserName: chrome, browserVersion: 120.0.6099.234, chrome: {chromedriverVersion: 120.0.6099.109 (3419140ab66..., userDataDir: /var/folders/l2/yc1w_ppd06l...}, fedcm:accounts: true, goog:chromeOptions: {debuggerAddress: localhost:58716}, networkConnectionEnabled: false, pageLoadStrategy: normal, platformName: mac, proxy: Proxy(), se:cdp: ws://localhost:58716/devtoo..., se:cdpVersion: 120.0.6099.234, setWindowRect: true, strictFileInteractability: false, timeouts: {implicit: 0, pageLoad: 300000, script: 30000}, unhandledPromptBehavior: dismiss and notify, webauthn:extension:credBlob: true, webauthn:extension:largeBlob: true, webauthn:extension:minPinLength: true, webauthn:extension:prf: true, webauthn:virtualAuthenticators: true}&#10;Session ID: 446bfc8000bb2e3e5778a00f4bad1a06"/>
    <system-out><![CDATA[loginTest started!
loginTest skipped!
]]></system-out>
  </testcase>
  <testcase name="loginTest" classname="com.qa.opencart.tests.LoginPageNegativeTest" time="10.686">
    <failure message="Expected condition failed: waiting for visibility of element located by By.cssSelector: div.alert.alert-danger.alert-dismissible (tried for 10 second(s) with 500 milliseconds interval)&#10;Build info: version: &apos;4.15.0&apos;, revision: &apos;1d14b5521b&apos;&#10;System info: os.name: &apos;Mac OS X&apos;, os.arch: &apos;aarch64&apos;, os.version: &apos;14.1&apos;, java.version: &apos;17.0.6&apos;&#10;Driver info: org.openqa.selenium.chrome.ChromeDriver&#10;Capabilities {acceptInsecureCerts: false, browserName: chrome, browserVersion: 120.0.6099.234, chrome: {chromedriverVersion: 120.0.6099.109 (3419140ab66..., userDataDir: /var/folders/l2/yc1w_ppd06l...}, fedcm:accounts: true, goog:chromeOptions: {debuggerAddress: localhost:58716}, networkConnectionEnabled: false, pageLoadStrategy: normal, platformName: mac, proxy: Proxy(), se:cdp: ws://localhost:58716/devtoo..., se:cdpVersion: 120.0.6099.234, setWindowRect: true, strictFileInteractability: false, timeouts: {implicit: 0, pageLoad: 300000, script: 30000}, unhandledPromptBehavior: dismiss and notify, webauthn:extension:credBlob: true, webauthn:extension:largeBlob: true, webauthn:extension:minPinLength: true, webauthn:extension:prf: true, webauthn:virtualAuthenticators: true}&#10;Session ID: 446bfc8000bb2e3e5778a00f4bad1a06" type="org.openqa.selenium.TimeoutException">org.openqa.selenium.TimeoutException: 
Expected condition failed: waiting for visibility of element located by By.cssSelector: div.alert.alert-danger.alert-dismissible (tried for 10 second(s) with 500 milliseconds interval)
Build info: version: '4.15.0', revision: '1d14b5521b'
System info: os.name: 'Mac OS X', os.arch: 'aarch64', os.version: '14.1', java.version: '17.0.6'
Driver info: org.openqa.selenium.chrome.ChromeDriver
Capabilities {acceptInsecureCerts: false, browserName: chrome, browserVersion: 120.0.6099.234, chrome: {chromedriverVersion: 120.0.6099.109 (3419140ab66..., userDataDir: /var/folders/l2/yc1w_ppd06l...}, fedcm:accounts: true, goog:chromeOptions: {debuggerAddress: localhost:58716}, networkConnectionEnabled: false, pageLoadStrategy: normal, platformName: mac, proxy: Proxy(), se:cdp: ws://localhost:58716/devtoo..., se:cdpVersion: 120.0.6099.234, setWindowRect: true, strictFileInteractability: false, timeouts: {implicit: 0, pageLoad: 300000, script: 30000}, unhandledPromptBehavior: dismiss and notify, webauthn:extension:credBlob: true, webauthn:extension:largeBlob: true, webauthn:extension:minPinLength: true, webauthn:extension:prf: true, webauthn:virtualAuthenticators: true}
Session ID: 446bfc8000bb2e3e5778a00f4bad1a06
	at com.qa.opencart.tests.LoginPageNegativeTest.loginTest(LoginPageNegativeTest.java:22)
</failure>
    <system-out><![CDATA[loginTest started!
loginTest failed!
]]></system-out>
  </testcase>
  <testcase name="loginTest" classname="com.qa.opencart.tests.LoginPageNegativeTest" time="0">
    <skipped message="Expected condition failed: waiting for visibility of element located by By.cssSelector: div.alert.alert-danger.alert-dismissible (tried for 10 second(s) with 500 milliseconds interval)&#10;Build info: version: &apos;4.15.0&apos;, revision: &apos;1d14b5521b&apos;&#10;System info: os.name: &apos;Mac OS X&apos;, os.arch: &apos;aarch64&apos;, os.version: &apos;14.1&apos;, java.version: &apos;17.0.6&apos;&#10;Driver info: org.openqa.selenium.chrome.ChromeDriver&#10;Capabilities {acceptInsecureCerts: false, browserName: chrome, browserVersion: 120.0.6099.234, chrome: {chromedriverVersion: 120.0.6099.109 (3419140ab66..., userDataDir: /var/folders/l2/yc1w_ppd06l...}, fedcm:accounts: true, goog:chromeOptions: {debuggerAddress: localhost:58716}, networkConnectionEnabled: false, pageLoadStrategy: normal, platformName: mac, proxy: Proxy(), se:cdp: ws://localhost:58716/devtoo..., se:cdpVersion: 120.0.6099.234, setWindowRect: true, strictFileInteractability: false, timeouts: {implicit: 0, pageLoad: 300000, script: 30000}, unhandledPromptBehavior: dismiss and notify, webauthn:extension:credBlob: true, webauthn:extension:largeBlob: true, webauthn:extension:minPinLength: true, webauthn:extension:prf: true, webauthn:virtualAuthenticators: true}&#10;Session ID: 446bfc8000bb2e3e5778a00f4bad1a06"/>
    <system-out><![CDATA[loginTest started!
loginTest skipped!
]]></system-out>
  </testcase>
  <testcase name="loginTest" classname="com.qa.opencart.tests.LoginPageNegativeTest" time="0">
    <skipped message="Expected condition failed: waiting for visibility of element located by By.cssSelector: div.alert.alert-danger.alert-dismissible (tried for 10 second(s) with 500 milliseconds interval)&#10;Build info: version: &apos;4.15.0&apos;, revision: &apos;1d14b5521b&apos;&#10;System info: os.name: &apos;Mac OS X&apos;, os.arch: &apos;aarch64&apos;, os.version: &apos;14.1&apos;, java.version: &apos;17.0.6&apos;&#10;Driver info: org.openqa.selenium.chrome.ChromeDriver&#10;Capabilities {acceptInsecureCerts: false, browserName: chrome, browserVersion: 120.0.6099.234, chrome: {chromedriverVersion: 120.0.6099.109 (3419140ab66..., userDataDir: /var/folders/l2/yc1w_ppd06l...}, fedcm:accounts: true, goog:chromeOptions: {debuggerAddress: localhost:58716}, networkConnectionEnabled: false, pageLoadStrategy: normal, platformName: mac, proxy: Proxy(), se:cdp: ws://localhost:58716/devtoo..., se:cdpVersion: 120.0.6099.234, setWindowRect: true, strictFileInteractability: false, timeouts: {implicit: 0, pageLoad: 300000, script: 30000}, unhandledPromptBehavior: dismiss and notify, webauthn:extension:credBlob: true, webauthn:extension:largeBlob: true, webauthn:extension:minPinLength: true, webauthn:extension:prf: true, webauthn:virtualAuthenticators: true}&#10;Session ID: 446bfc8000bb2e3e5778a00f4bad1a06"/>
    <system-out><![CDATA[loginTest started!
loginTest skipped!
]]></system-out>
  </testcase>
  <testcase name="loginTest" classname="com.qa.opencart.tests.LoginPageNegativeTest" time="0">
    <skipped message="Expected condition failed: waiting for visibility of element located by By.cssSelector: div.alert.alert-danger.alert-dismissible (tried for 10 second(s) with 500 milliseconds interval)&#10;Build info: version: &apos;4.15.0&apos;, revision: &apos;1d14b5521b&apos;&#10;System info: os.name: &apos;Mac OS X&apos;, os.arch: &apos;aarch64&apos;, os.version: &apos;14.1&apos;, java.version: &apos;17.0.6&apos;&#10;Driver info: org.openqa.selenium.chrome.ChromeDriver&#10;Capabilities {acceptInsecureCerts: false, browserName: chrome, browserVersion: 120.0.6099.234, chrome: {chromedriverVersion: 120.0.6099.109 (3419140ab66..., userDataDir: /var/folders/l2/yc1w_ppd06l...}, fedcm:accounts: true, goog:chromeOptions: {debuggerAddress: localhost:58716}, networkConnectionEnabled: false, pageLoadStrategy: normal, platformName: mac, proxy: Proxy(), se:cdp: ws://localhost:58716/devtoo..., se:cdpVersion: 120.0.6099.234, setWindowRect: true, strictFileInteractability: false, timeouts: {implicit: 0, pageLoad: 300000, script: 30000}, unhandledPromptBehavior: dismiss and notify, webauthn:extension:credBlob: true, webauthn:extension:largeBlob: true, webauthn:extension:minPinLength: true, webauthn:extension:prf: true, webauthn:virtualAuthenticators: true}&#10;Session ID: 446bfc8000bb2e3e5778a00f4bad1a06"/>
    <system-out><![CDATA[loginTest started!
loginTest skipped!
]]></system-out>
  </testcase>
  <testcase name="loginTest" classname="com.qa.opencart.tests.LoginPageNegativeTest" time="10.693">
    <failure message="Expected condition failed: waiting for visibility of element located by By.cssSelector: div.alert.alert-danger.alert-dismissible (tried for 10 second(s) with 500 milliseconds interval)&#10;Build info: version: &apos;4.15.0&apos;, revision: &apos;1d14b5521b&apos;&#10;System info: os.name: &apos;Mac OS X&apos;, os.arch: &apos;aarch64&apos;, os.version: &apos;14.1&apos;, java.version: &apos;17.0.6&apos;&#10;Driver info: org.openqa.selenium.chrome.ChromeDriver&#10;Capabilities {acceptInsecureCerts: false, browserName: chrome, browserVersion: 120.0.6099.234, chrome: {chromedriverVersion: 120.0.6099.109 (3419140ab66..., userDataDir: /var/folders/l2/yc1w_ppd06l...}, fedcm:accounts: true, goog:chromeOptions: {debuggerAddress: localhost:58716}, networkConnectionEnabled: false, pageLoadStrategy: normal, platformName: mac, proxy: Proxy(), se:cdp: ws://localhost:58716/devtoo..., se:cdpVersion: 120.0.6099.234, setWindowRect: true, strictFileInteractability: false, timeouts: {implicit: 0, pageLoad: 300000, script: 30000}, unhandledPromptBehavior: dismiss and notify, webauthn:extension:credBlob: true, webauthn:extension:largeBlob: true, webauthn:extension:minPinLength: true, webauthn:extension:prf: true, webauthn:virtualAuthenticators: true}&#10;Session ID: 446bfc8000bb2e3e5778a00f4bad1a06" type="org.openqa.selenium.TimeoutException">org.openqa.selenium.TimeoutException: 
Expected condition failed: waiting for visibility of element located by By.cssSelector: div.alert.alert-danger.alert-dismissible (tried for 10 second(s) with 500 milliseconds interval)
Build info: version: '4.15.0', revision: '1d14b5521b'
System info: os.name: 'Mac OS X', os.arch: 'aarch64', os.version: '14.1', java.version: '17.0.6'
Driver info: org.openqa.selenium.chrome.ChromeDriver
Capabilities {acceptInsecureCerts: false, browserName: chrome, browserVersion: 120.0.6099.234, chrome: {chromedriverVersion: 120.0.6099.109 (3419140ab66..., userDataDir: /var/folders/l2/yc1w_ppd06l...}, fedcm:accounts: true, goog:chromeOptions: {debuggerAddress: localhost:58716}, networkConnectionEnabled: false, pageLoadStrategy: normal, platformName: mac, proxy: Proxy(), se:cdp: ws://localhost:58716/devtoo..., se:cdpVersion: 120.0.6099.234, setWindowRect: true, strictFileInteractability: false, timeouts: {implicit: 0, pageLoad: 300000, script: 30000}, unhandledPromptBehavior: dismiss and notify, webauthn:extension:credBlob: true, webauthn:extension:largeBlob: true, webauthn:extension:minPinLength: true, webauthn:extension:prf: true, webauthn:virtualAuthenticators: true}
Session ID: 446bfc8000bb2e3e5778a00f4bad1a06
	at com.qa.opencart.tests.LoginPageNegativeTest.loginTest(LoginPageNegativeTest.java:22)
</failure>
    <system-out><![CDATA[loginTest started!
loginTest failed!
]]></system-out>
  </testcase>
</testsuite>