<?xml version="1.0" encoding="UTF-8"?>
<!-- Generated by org.testng.reporters.JUnitReportReporter -->
<testsuite hostname="Prakashs-MacBook-Pro.local" failures="0" tests="3" name="com.qa.opencart.tests.LoginPageNegativeTest" time="1.075" errors="0" timestamp="2024-01-24T00:18:15 IST" skipped="0">
  <testcase classname="com.qa.opencart.tests.LoginPageNegativeTest" name="loginTest" time="0.333"/>
  <testcase classname="com.qa.opencart.tests.LoginPageNegativeTest" name="loginTest" time="0.352"/>
  <testcase classname="com.qa.opencart.tests.LoginPageNegativeTest" name="loginTest" time="0.390"/>
</testsuite> <!-- com.qa.opencart.tests.LoginPageNegativeTest -->
