<?xml version="1.0" encoding="UTF-8"?>
<!-- Generated by org.testng.reporters.JUnitReportReporter -->
<testsuite hostname="Prakashs-MacBook-Pro.local" failures="0" tests="6" name="com.qa.opencart.tests.AccountsPageTest" time="2.860" errors="0" timestamp="2023-12-08T23:00:44 IST" skipped="0">
  <testcase classname="com.qa.opencart.tests.AccountsPageTest" name="isLogoutLinkExist" time="0.026"/>
  <testcase classname="com.qa.opencart.tests.AccountsPageTest" name="searchTest" time="2.732"/>
  <testcase classname="com.qa.opencart.tests.AccountsPageTest" name="accPageURLTest" time="0.006"/>
  <testcase classname="com.qa.opencart.tests.AccountsPageTest" name="accPageHeadersCountTest" time="0.070"/>
  <testcase classname="com.qa.opencart.tests.AccountsPageTest" name="accPageTitleTest" time="0.007"/>
  <testcase classname="com.qa.opencart.tests.AccountsPageTest" name="isSearchFieldExist" time="0.019"/>
</testsuite> <!-- com.qa.opencart.tests.AccountsPageTest -->
