<?xml version="1.0" encoding="UTF-8"?>
<!-- Generated by org.testng.reporters.JUnitReportReporter -->
<testsuite hostname="Prakashs-MacBook-Pro.local" failures="0" tests="3" name="com.qa.opencart.tests.RegisterPageTest" time="5.580" errors="0" timestamp="2024-01-23T17:26:14 IST" skipped="0">
  <testcase classname="com.qa.opencart.tests.RegisterPageTest" name="userRegTest" time="1.999"/>
  <testcase classname="com.qa.opencart.tests.RegisterPageTest" name="userRegTest" time="1.747"/>
  <testcase classname="com.qa.opencart.tests.RegisterPageTest" name="userRegTest" time="1.834"/>
</testsuite> <!-- com.qa.opencart.tests.RegisterPageTest -->
