<?xml version="1.0" encoding="UTF-8"?>
<!-- Generated by org.testng.reporters.JUnitReportReporter -->
<testsuite hostname="Prakashs-MacBook-Pro.local" failures="0" tests="10" name="com.qa.opencart.tests.AccountsPageTest" time="2.038" errors="0" timestamp="2024-01-24T00:18:15 IST" skipped="0">
  <testcase classname="com.qa.opencart.tests.AccountsPageTest" name="accPageHeadersTestSort" time="0.043"/>
  <testcase classname="com.qa.opencart.tests.AccountsPageTest" name="footercustomerServiceLinkTest" time="0.035"/>
  <testcase classname="com.qa.opencart.tests.AccountsPageTest" name="isSearchFieldExist" time="0.016"/>
  <testcase classname="com.qa.opencart.tests.AccountsPageTest" name="accPageTitleTest" time="0.006"/>
  <testcase classname="com.qa.opencart.tests.AccountsPageTest" name="accPageHeadersCountTest" time="0.070"/>
  <testcase classname="com.qa.opencart.tests.AccountsPageTest" name="isLogoutLinkExist" time="0.022"/>
  <testcase classname="com.qa.opencart.tests.AccountsPageTest" name="footerinformationLinkTest" time="0.046"/>
  <testcase classname="com.qa.opencart.tests.AccountsPageTest" name="searchTest" time="1.753"/>
  <testcase classname="com.qa.opencart.tests.AccountsPageTest" name="accPageHeadersTest" time="0.042"/>
  <testcase classname="com.qa.opencart.tests.AccountsPageTest" name="accPageURLTest" time="0.005"/>
</testsuite> <!-- com.qa.opencart.tests.AccountsPageTest -->
