<?xml version="1.0" encoding="UTF-8"?>
<!-- Generated by org.testng.reporters.JUnitReportReporter -->
<testsuite hostname="Prakashs-MacBook-Pro.local" failures="0" tests="5" name="com.qa.opencart.tests.ProuctResultsPageTest" time="7.098" errors="0" timestamp="2024-01-23T17:26:14 IST" skipped="0">
  <testcase classname="com.qa.opencart.tests.ProuctResultsPageTest" name="productInfoTest" time="0.974"/>
  <testcase classname="com.qa.opencart.tests.ProuctResultsPageTest" name="productImagesTest" time="1.446"/>
  <testcase classname="com.qa.opencart.tests.ProuctResultsPageTest" name="productImagesTest" time="2.274"/>
  <testcase classname="com.qa.opencart.tests.ProuctResultsPageTest" name="productImagesTest" time="1.188"/>
  <testcase classname="com.qa.opencart.tests.ProuctResultsPageTest" name="productImagesTest" time="1.216"/>
</testsuite> <!-- com.qa.opencart.tests.ProuctResultsPageTest -->
