<?xml version="1.0" encoding="UTF-8"?>
<!-- Generated by org.testng.reporters.JUnitReportReporter -->
<testsuite hostname="Prakashs-MacBook-Pro.local" failures="0" tests="7" name="com.qa.opencart.tests.LoginPageTest" time="0.553" errors="0" timestamp="2024-01-23T17:26:14 IST" skipped="0">
  <testcase classname="com.qa.opencart.tests.LoginPageTest" name="loginPageTitleTest" time="0.010"/>
  <testcase classname="com.qa.opencart.tests.LoginPageTest" name="loginPageURLTest" time="0.006"/>
  <testcase classname="com.qa.opencart.tests.LoginPageTest" name="forgotPwdLinkExistTest" time="0.033"/>
  <testcase classname="com.qa.opencart.tests.LoginPageTest" name="appLogoExistTest" time="0.020"/>
  <testcase classname="com.qa.opencart.tests.LoginPageTest" name="informationExistTest" time="0.017"/>
  <testcase classname="com.qa.opencart.tests.LoginPageTest" name="customerService" time="0.016"/>
  <testcase classname="com.qa.opencart.tests.LoginPageTest" name="loginTest" time="0.451"/>
</testsuite> <!-- com.qa.opencart.tests.LoginPageTest -->
