<?xml version="1.0" encoding="UTF-8"?>
<!-- Generated by org.testng.reporters.JUnitReportReporter -->
<testsuite hostname="Prakashs-MacBook-Pro.local" failures="0" tests="7" name="com.qa.opencart.tests.LoginPageTest" time="0.984" errors="0" timestamp="2024-01-24T00:18:15 IST" skipped="0">
  <testcase classname="com.qa.opencart.tests.LoginPageTest" name="loginPageTitleTest" time="0.053"/>
  <testcase classname="com.qa.opencart.tests.LoginPageTest" name="loginPageURLTest" time="0.009"/>
  <testcase classname="com.qa.opencart.tests.LoginPageTest" name="forgotPwdLinkExistTest" time="0.034"/>
  <testcase classname="com.qa.opencart.tests.LoginPageTest" name="appLogoExistTest" time="0.021"/>
  <testcase classname="com.qa.opencart.tests.LoginPageTest" name="informationExistTest" time="0.021"/>
  <testcase classname="com.qa.opencart.tests.LoginPageTest" name="customerService" time="0.017"/>
  <testcase classname="com.qa.opencart.tests.LoginPageTest" name="loginTest" time="0.829"/>
</testsuite> <!-- com.qa.opencart.tests.LoginPageTest -->
