<?xml version="1.0" encoding="UTF-8"?>
<!-- Generated by org.testng.reporters.JUnitReportReporter -->
<testsuite hostname="Prakashs-MacBook-Pro.local" failures="0" tests="3" name="com.qa.opencart.tests.RegisterPageTest" time="5.770" errors="0" timestamp="2023-12-08T23:18:30 IST" skipped="0">
  <testcase classname="com.qa.opencart.tests.RegisterPageTest" name="userRegTest" time="1.938"/>
  <testcase classname="com.qa.opencart.tests.RegisterPageTest" name="userRegTest" time="1.829"/>
  <testcase classname="com.qa.opencart.tests.RegisterPageTest" name="userRegTest" time="2.003"/>
</testsuite> <!-- com.qa.opencart.tests.RegisterPageTest -->
