<?xml version="1.0" encoding="UTF-8"?>
<!-- Generated by org.testng.reporters.JUnitReportReporter -->
<testsuite hostname="Prakashs-MacBook-Pro.local" failures="0" tests="10" name="com.qa.opencart.tests.AccountsPageTest" time="2.380" errors="0" timestamp="2024-01-23T17:26:14 IST" skipped="0">
  <testcase classname="com.qa.opencart.tests.AccountsPageTest" name="accPageURLTest" time="0.005"/>
  <testcase classname="com.qa.opencart.tests.AccountsPageTest" name="accPageHeadersTestSort" time="0.039"/>
  <testcase classname="com.qa.opencart.tests.AccountsPageTest" name="footercustomerServiceLinkTest" time="0.033"/>
  <testcase classname="com.qa.opencart.tests.AccountsPageTest" name="searchTest" time="2.118"/>
  <testcase classname="com.qa.opencart.tests.AccountsPageTest" name="accPageHeadersCountTest" time="0.061"/>
  <testcase classname="com.qa.opencart.tests.AccountsPageTest" name="accPageHeadersTest" time="0.040"/>
  <testcase classname="com.qa.opencart.tests.AccountsPageTest" name="isSearchFieldExist" time="0.016"/>
  <testcase classname="com.qa.opencart.tests.AccountsPageTest" name="isLogoutLinkExist" time="0.020"/>
  <testcase classname="com.qa.opencart.tests.AccountsPageTest" name="accPageTitleTest" time="0.005"/>
  <testcase classname="com.qa.opencart.tests.AccountsPageTest" name="footerinformationLinkTest" time="0.043"/>
</testsuite> <!-- com.qa.opencart.tests.AccountsPageTest -->
