<?xml version="1.0" encoding="UTF-8"?>
<!-- Generated by org.testng.reporters.JUnitReportReporter -->
<testsuite hostname="Prakashs-MacBook-Pro.local" failures="0" tests="5" name="com.qa.opencart.tests.ProuctResultsPageTest" time="3.121" errors="0" timestamp="2024-01-24T00:18:15 IST" skipped="0">
  <testcase classname="com.qa.opencart.tests.ProuctResultsPageTest" name="productImagesTest" time="0.595"/>
  <testcase classname="com.qa.opencart.tests.ProuctResultsPageTest" name="productImagesTest" time="0.570"/>
  <testcase classname="com.qa.opencart.tests.ProuctResultsPageTest" name="productInfoTest" time="0.578"/>
  <testcase classname="com.qa.opencart.tests.ProuctResultsPageTest" name="productImagesTest" time="0.558"/>
  <testcase classname="com.qa.opencart.tests.ProuctResultsPageTest" name="productImagesTest" time="0.820"/>
</testsuite> <!-- com.qa.opencart.tests.ProuctResultsPageTest -->
