<?xml version="1.0" encoding="UTF-8"?>
<!-- Generated by org.testng.reporters.JUnitReportReporter -->
<testsuite hostname="Prakashs-MacBook-Pro.local" failures="0" tests="3" name="com.qa.opencart.tests.RegisterPageTest" time="3.912" errors="0" timestamp="2024-01-24T00:18:15 IST" skipped="0">
  <testcase classname="com.qa.opencart.tests.RegisterPageTest" name="userRegTest" time="1.251"/>
  <testcase classname="com.qa.opencart.tests.RegisterPageTest" name="userRegTest" time="1.315"/>
  <testcase classname="com.qa.opencart.tests.RegisterPageTest" name="userRegTest" time="1.346"/>
</testsuite> <!-- com.qa.opencart.tests.RegisterPageTest -->
