<?xml version="1.0" encoding="UTF-8"?>
<!-- Generated by org.testng.reporters.JUnitReportReporter -->
<testsuite hostname="Prakashs-MacBook-Pro.local" failures="0" tests="5" name="com.qa.opencart.tests.ProuctResultsPageTest" time="7.862" errors="0" timestamp="2024-01-23T17:26:45 IST" skipped="0">
  <testcase classname="com.qa.opencart.tests.ProuctResultsPageTest" name="productImagesTest" time="1.732"/>
  <testcase classname="com.qa.opencart.tests.ProuctResultsPageTest" name="productInfoTest" time="1.173"/>
  <testcase classname="com.qa.opencart.tests.ProuctResultsPageTest" name="productImagesTest" time="1.270"/>
  <testcase classname="com.qa.opencart.tests.ProuctResultsPageTest" name="productImagesTest" time="1.461"/>
  <testcase classname="com.qa.opencart.tests.ProuctResultsPageTest" name="productImagesTest" time="2.226"/>
</testsuite> <!-- com.qa.opencart.tests.ProuctResultsPageTest -->
