<?xml version="1.0" encoding="UTF-8"?>
<!-- Generated by org.testng.reporters.JUnitReportReporter -->
<testsuite hostname="Prakashs-MacBook-Pro.local" failures="0" tests="3" name="com.qa.opencart.tests.RegisterPageTest" time="6.865" errors="0" timestamp="2024-01-28T08:49:01 IST" skipped="0">
  <testcase classname="com.qa.opencart.tests.RegisterPageTest" name="userRegTest" time="2.195"/>
  <testcase classname="com.qa.opencart.tests.RegisterPageTest" name="userRegTest" time="2.392"/>
  <testcase classname="com.qa.opencart.tests.RegisterPageTest" name="userRegTest" time="2.278"/>
</testsuite> <!-- com.qa.opencart.tests.RegisterPageTest -->
