<?xml version="1.0" encoding="UTF-8"?>
<!-- Generated by org.testng.reporters.JUnitReportReporter -->
<testsuite hostname="Prakashs-MacBook-Pro.local" failures="0" tests="10" name="com.qa.opencart.tests.AccountsPageTest" time="1.237" errors="0" timestamp="2024-01-23T17:26:45 IST" skipped="0">
  <testcase classname="com.qa.opencart.tests.AccountsPageTest" name="accPageHeadersCountTest" time="0.058"/>
  <testcase classname="com.qa.opencart.tests.AccountsPageTest" name="accPageHeadersTestSort" time="0.038"/>
  <testcase classname="com.qa.opencart.tests.AccountsPageTest" name="isSearchFieldExist" time="0.016"/>
  <testcase classname="com.qa.opencart.tests.AccountsPageTest" name="accPageTitleTest" time="0.006"/>
  <testcase classname="com.qa.opencart.tests.AccountsPageTest" name="footerinformationLinkTest" time="0.040"/>
  <testcase classname="com.qa.opencart.tests.AccountsPageTest" name="isLogoutLinkExist" time="0.019"/>
  <testcase classname="com.qa.opencart.tests.AccountsPageTest" name="accPageURLTest" time="0.006"/>
  <testcase classname="com.qa.opencart.tests.AccountsPageTest" name="accPageHeadersTest" time="0.039"/>
  <testcase classname="com.qa.opencart.tests.AccountsPageTest" name="searchTest" time="0.982"/>
  <testcase classname="com.qa.opencart.tests.AccountsPageTest" name="footercustomerServiceLinkTest" time="0.033"/>
</testsuite> <!-- com.qa.opencart.tests.AccountsPageTest -->
