<?xml version="1.0" encoding="UTF-8"?>
<!-- Generated by org.testng.reporters.JUnitReportReporter -->
<testsuite hostname="Prakashs-MacBook-Pro.local" failures="0" tests="5" name="com.qa.opencart.tests.ProuctResultsPageTest" time="3.200" errors="0" timestamp="2024-01-23T19:14:04 IST" skipped="0">
  <testcase classname="com.qa.opencart.tests.ProuctResultsPageTest" name="productInfoTest" time="0.584"/>
  <testcase classname="com.qa.opencart.tests.ProuctResultsPageTest" name="productImagesTest" time="0.632"/>
  <testcase classname="com.qa.opencart.tests.ProuctResultsPageTest" name="productImagesTest" time="0.597"/>
  <testcase classname="com.qa.opencart.tests.ProuctResultsPageTest" name="productImagesTest" time="0.600"/>
  <testcase classname="com.qa.opencart.tests.ProuctResultsPageTest" name="productImagesTest" time="0.787"/>
</testsuite> <!-- com.qa.opencart.tests.ProuctResultsPageTest -->
