<?xml version="1.0" encoding="UTF-8"?>
<!-- Generated by org.testng.reporters.JUnitReportReporter -->
<testsuite hostname="Prakashs-MacBook-Pro.local" failures="0" tests="5" name="com.qa.opencart.tests.ProuctResultsPageTest" time="2.926" errors="0" timestamp="2024-01-28T08:49:01 IST" skipped="0">
  <testcase classname="com.qa.opencart.tests.ProuctResultsPageTest" name="productImagesTest" time="0.702"/>
  <testcase classname="com.qa.opencart.tests.ProuctResultsPageTest" name="productImagesTest" time="0.576"/>
  <testcase classname="com.qa.opencart.tests.ProuctResultsPageTest" name="productInfoTest" time="0.542"/>
  <testcase classname="com.qa.opencart.tests.ProuctResultsPageTest" name="productImagesTest" time="0.579"/>
  <testcase classname="com.qa.opencart.tests.ProuctResultsPageTest" name="productImagesTest" time="0.527"/>
</testsuite> <!-- com.qa.opencart.tests.ProuctResultsPageTest -->
